<?xml version="1.0" encoding="UTF-8"?>
<!-- Generated by org.testng.reporters.JUnitReportReporter -->
<testsuite hostname="SAFALYA" name="Framework.E2EProject.validateTitle" tests="1" failures="0" timestamp="3 Mar 2019 11:38:58 GMT" time="0.145" errors="0">
  <testcase name="verifyTitle" time="0.145" classname="Framework.E2EProject.validateTitle"/>
</testsuite> <!-- Framework.E2EProject.validateTitle -->
