<?xml version="1.0" encoding="UTF-8"?>
<!-- Generated by org.testng.reporters.JUnitReportReporter -->
<testsuite skipped="0" hostname="SAFALYA" name="Framework.E2EProject.validateTitle" tests="1" failures="0" timestamp="2019-03-03T22:42:35 IST" time="0.056" errors="0">
  <testcase name="verifyTitle" time="0.056" classname="Framework.E2EProject.validateTitle"/>
</testsuite> <!-- Framework.E2EProject.validateTitle -->
